[18Jul2025 00:07:21.703] [Worker-Main-3/ERROR] [net.minecraft.world.entity.decoration.HangingEntity/]: Hanging entity at invalid position: BlockPos{x=311, y=48, z=214}
[18Jul2025 00:07:21.706] [Worker-Main-3/ERROR] [net.minecraft.world.entity.decoration.HangingEntity/]: Hanging entity at invalid position: BlockPos{x=310, y=48, z=214}
[18Jul2025 00:07:21.707] [Worker-Main-3/ERROR] [net.minecraft.world.entity.decoration.HangingEntity/]: Hanging entity at invalid position: BlockPos{x=309, y=49, z=214}
[18Jul2025 00:07:21.707] [Worker-Main-3/ERROR] [net.minecraft.world.entity.decoration.HangingEntity/]: Hanging entity at invalid position: BlockPos{x=309, y=48, z=214}
[18Jul2025 00:07:21.707] [Worker-Main-3/ERROR] [net.minecraft.world.entity.decoration.HangingEntity/]: Hanging entity at invalid position: BlockPos{x=310, y=49, z=214}
[18Jul2025 00:07:21.709] [Worker-Main-3/ERROR] [net.minecraft.world.entity.decoration.HangingEntity/]: Hanging entity at invalid position: BlockPos{x=311, y=49, z=214}
[18Jul2025 00:07:21.709] [Worker-Main-3/ERROR] [net.minecraft.world.entity.decoration.HangingEntity/]: Hanging entity at invalid position: BlockPos{x=311, y=50, z=214}
[18Jul2025 00:07:21.709] [Worker-Main-3/ERROR] [net.minecraft.world.entity.decoration.HangingEntity/]: Hanging entity at invalid position: BlockPos{x=310, y=50, z=214}
[18Jul2025 00:07:21.709] [Worker-Main-3/ERROR] [net.minecraft.world.entity.decoration.HangingEntity/]: Hanging entity at invalid position: BlockPos{x=309, y=50, z=214}
[18Jul2025 00:12:13.829] [Worker-Main-18/ERROR] [net.minecraft.world.entity.decoration.HangingEntity/]: Hanging entity at invalid position: BlockPos{x=202, y=47, z=211}
[18Jul2025 00:14:56.092] [Server thread/WARN] [net.minecraft.server.MinecraftServer/]: Can't keep up! Is the server overloaded? Running 2324ms or 46 ticks behind
[18Jul2025 00:15:05.533] [Server thread/INFO] [net.minecraft.world.entity.npc.Villager/]: Villager Villager['Unemployed'/135613, l='ServerLevel[world]', x=-6209.50, y=64.44, z=1538.70] died, message: 'Unemployed suffocated in a wall'
[18Jul2025 00:15:05.534] [Server thread/INFO] [net.minecraft.world.entity.npc.Villager/]: Villager Villager['Unemployed'/135614, l='ServerLevel[world]', x=-6214.51, y=66.19, z=1547.46] died, message: 'Unemployed suffocated in a wall'
[18Jul2025 00:15:05.535] [Server thread/INFO] [net.minecraft.world.entity.npc.Villager/]: Villager Villager['Shepherd'/135615, l='ServerLevel[world]', x=-6209.50, y=64.44, z=1542.70] died, message: 'Shepherd suffocated in a wall'
[18Jul2025 01:02:21.094] [Server thread/WARN] [net.minecraft.server.network.ServerGamePacketListenerImpl/]: Ent144 moved wrongly!
[18Jul2025 01:11:31.927] [Worker-Main-1/ERROR] [net.minecraft.world.entity.decoration.HangingEntity/]: Hanging entity at invalid position: BlockPos{x=217, y=48, z=159}
[18Jul2025 01:28:32.901] [Worker-Main-10/ERROR] [net.minecraft.world.entity.decoration.HangingEntity/]: Hanging entity at invalid position: BlockPos{x=-420, y=-50, z=-211}
[18Jul2025 01:28:32.902] [Worker-Main-10/ERROR] [net.minecraft.world.entity.decoration.HangingEntity/]: Hanging entity at invalid position: BlockPos{x=-413, y=-49, z=-217}
[18Jul2025 01:28:32.933] [Worker-Main-10/ERROR] [net.minecraft.world.entity.decoration.HangingEntity/]: Hanging entity at invalid position: BlockPos{x=-423, y=-50, z=-211}
[18Jul2025 01:28:32.942] [Worker-Main-10/ERROR] [net.minecraft.world.entity.decoration.HangingEntity/]: Hanging entity at invalid position: BlockPos{x=-187, y=-46, z=-151}
[18Jul2025 01:28:32.942] [Worker-Main-10/ERROR] [net.minecraft.world.entity.decoration.HangingEntity/]: Hanging entity at invalid position: BlockPos{x=-187, y=-46, z=-143}
[18Jul2025 01:28:33.418] [Worker-Main-3/ERROR] [net.minecraft.world.entity.decoration.HangingEntity/]: Hanging entity at invalid position: BlockPos{x=216, y=47, z=211}
[18Jul2025 01:28:43.984] [Worker-Main-10/ERROR] [net.minecraft.world.entity.decoration.HangingEntity/]: Hanging entity at invalid position: BlockPos{x=-418, y=-50, z=-208}
[18Jul2025 01:28:43.992] [Worker-Main-10/ERROR] [net.minecraft.world.entity.decoration.HangingEntity/]: Hanging entity at invalid position: BlockPos{x=-176, y=-50, z=-133}
[18Jul2025 01:28:43.993] [Worker-Main-10/ERROR] [net.minecraft.world.entity.decoration.HangingEntity/]: Hanging entity at invalid position: BlockPos{x=-172, y=-50, z=-135}
[18Jul2025 01:28:44.013] [Worker-Main-10/ERROR] [net.minecraft.world.level.block.entity.SculkShriekerBlockEntity/]: No key selector in MapLike[{event_delay:0,event_distance:0.0f,range:8,source:{pos:[I;-425,-56,-205],type:"minecraft:block"}}]
[18Jul2025 01:28:44.019] [Worker-Main-10/ERROR] [net.minecraft.world.entity.decoration.HangingEntity/]: Hanging entity at invalid position: BlockPos{x=-185, y=-46, z=-142}
[18Jul2025 01:29:30.706] [Worker-Main-10/ERROR] [net.minecraft.world.entity.decoration.HangingEntity/]: Hanging entity at invalid position: BlockPos{x=-320, y=-45, z=-203}
[18Jul2025 01:29:30.710] [Worker-Main-10/ERROR] [net.minecraft.world.entity.decoration.HangingEntity/]: Hanging entity at invalid position: BlockPos{x=-292, y=-57, z=-313}
[18Jul2025 01:29:30.711] [Worker-Main-10/ERROR] [net.minecraft.world.entity.decoration.HangingEntity/]: Hanging entity at invalid position: BlockPos{x=-294, y=-57, z=-313}
[18Jul2025 01:29:30.711] [Worker-Main-10/ERROR] [net.minecraft.world.entity.decoration.HangingEntity/]: Hanging entity at invalid position: BlockPos{x=-296, y=-57, z=-313}
[18Jul2025 01:29:30.758] [Worker-Main-18/ERROR] [net.minecraft.world.entity.decoration.HangingEntity/]: Hanging entity at invalid position: BlockPos{x=-291, y=-57, z=-315}
[18Jul2025 01:29:30.758] [Worker-Main-18/ERROR] [net.minecraft.world.entity.decoration.HangingEntity/]: Hanging entity at invalid position: BlockPos{x=-295, y=-57, z=-315}
[18Jul2025 01:29:30.758] [Worker-Main-18/ERROR] [net.minecraft.world.entity.decoration.HangingEntity/]: Hanging entity at invalid position: BlockPos{x=-293, y=-57, z=-315}
[18Jul2025 01:29:36.582] [Worker-Main-1/ERROR] [net.minecraft.world.entity.decoration.HangingEntity/]: Hanging entity at invalid position: BlockPos{x=-318, y=-45, z=-204}
[18Jul2025 01:29:36.582] [Worker-Main-1/ERROR] [net.minecraft.world.entity.decoration.HangingEntity/]: Hanging entity at invalid position: BlockPos{x=-318, y=-45, z=-202}
[18Jul2025 01:31:22.933] [Worker-Main-10/ERROR] [net.minecraft.world.entity.decoration.HangingEntity/]: Hanging entity at invalid position: BlockPos{x=217, y=48, z=159}
[18Jul2025 01:34:25.828] [Server thread/INFO] [net.minecraft.server.MinecraftServer/]: Ent144 has made the advancement [Trouble is Brewing]
[18Jul2025 01:47:43.797] [Server thread/INFO] [net.minecraft.server.MinecraftServer/]: Ent144 has made the advancement [Bewitched]
[18Jul2025 01:51:18.944] [Worker-Main-3/ERROR] [net.minecraft.world.entity.decoration.HangingEntity/]: Hanging entity at invalid position: BlockPos{x=217, y=48, z=159}
